<?xml version="1.0" encoding="UTF-8"?>
<testsuite xmlns:xsi="http://www.w3.org/2001/XMLSchema-instance" xsi:noNamespaceSchemaLocation="https://maven.apache.org/surefire/maven-surefire-plugin/xsd/surefire-test-report.xsd" name="ImmigrantTest" time="0.043" tests="6" errors="0" skipped="0" failures="0">
  <properties>
[...]
</properties>
  <testcase name="testCompareTo" classname="ImmigrantTest" time="0.004"/>
  <testcase name="testCreateImmigrant" classname="ImmigrantTest" time="0"/>
  <testcase name="testCreateImmigrant1" classname="ImmigrantTest" time="0"/>
  <testcase name="testSetStatus" classname="ImmigrantTest" time="0"/>
  <testcase name="testEquals" classname="ImmigrantTest" time="0"/>
  <testcase name="testValidateInfo" classname="ImmigrantTest" time="0"/>
</testsuite>